Arguments: 
  /usr/local/bin/node /Users/user1/.yarn/bin/yarn.js init --yes/-y

PATH: 
  /Users/user1/.yarn/bin:/Users/user1/.config/yarn/global/node_modules/.bin:/Applications/Postgres.app/Contents/Versions/12/bin:/Users/user1/.rbenv/shims:/Users/user1/.rbenv/bin:/usr/local/bin:/usr/bin:/bin:/usr/sbin:/sbin:/Library/Apple/usr/bin:/Users/user1/.rbenv/bin

Yarn version: 
  1.22.5

Node version: 
  12.18.3

Platform: 
  darwin x64

Trace: 
  Error: canceled
      at Interface.<anonymous> (/Users/user1/.yarn/lib/cli.js:137009:13)
      at Interface.emit (events.js:315:20)
      at Interface._ttyWrite (readline.js:868:16)
      at ReadStream.onkeypress (readline.js:205:10)
      at ReadStream.emit (events.js:315:20)
      at emitKeys (internal/readline/utils.js:335:14)
      at emitKeys.next (<anonymous>)
      at ReadStream.onData (readline.js:1137:36)
      at ReadStream.emit (events.js:315:20)
      at addChunk (_stream_readable.js:295:12)

npm manifest: 
  No manifest

yarn manifest: 
  No manifest

Lockfile: 
  No lockfile
